Unity Editor version:    2020.3.27f1 (e759542391ea)
Branch:                  2020.3/release
Build type:              Release
Batch mode:              YES
macOS version:           Version 11.2.1 (Build 20D74)
Darwin version:          20.3.0
Architecture:            x86_64
Running under Rosetta:   NO
Available memory:        16384 MB
Using pre-set license
Pro License: NO

COMMAND LINE ARGUMENTS:
/Applications/2020.3.27f1/Unity.app/Contents/MacOS/Unity
-adb2
-batchMode
-noUpm
-name
AssetImportWorker0
-projectPath
/Users/game1/My project (1)
-logFile
Logs/AssetImportWorker0.log
-srvPort
49421
Successfully changed project path to: /Users/game1/My project (1)
/Users/game1/My project (1)
Using Asset Import Pipeline V2.
Refreshing native plugins compatible for Editor in 25.48 ms, found 2 plugins.
Preloading 0 native plugins for Editor in 0.00 ms.
Initialize engine version: 2020.3.27f1 (e759542391ea)
[Subsystems] Discovering subsystems at path /Applications/2020.3.27f1/Unity.app/Contents/Resources/UnitySubsystems
[Subsystems] Discovering subsystems at path /Users/game1/My project (1)/Assets
GfxDevice: creating device client; threaded=0
2023-12-06 15:47:41.313 Unity[1049:21160] iMac preferred device: AMD Radeon Pro 5500 XT (high power)
2023-12-06 15:47:41.313 Unity[1049:21160] Metal devices available: 1
2023-12-06 15:47:41.313 Unity[1049:21160] 0: AMD Radeon Pro 5500 XT (high power)
2023-12-06 15:47:41.313 Unity[1049:21160] Using device AMD Radeon Pro 5500 XT (high power)
Initializing Metal device caps: AMD Radeon Pro 5500 XT
Initialize mono
Mono path[0] = '/Applications/2020.3.27f1/Unity.app/Contents/Managed'
Mono path[1] = '/Applications/2020.3.27f1/Unity.app/Contents/MonoBleedingEdge/lib/mono/unityjit'
Mono config path = '/Applications/2020.3.27f1/Unity.app/Contents/MonoBleedingEdge/etc'
Using monoOptions --debugger-agent=transport=dt_socket,embedding=1,server=y,suspend=n,address=127.0.0.1:56049
Begin MonoManager ReloadAssembly
Registering precompiled unity dll's ...
Register platform support module: /Applications/2020.3.27f1/Unity.app/Contents/PlaybackEngines/MacStandaloneSupport/UnityEditor.OSXStandalone.Extensions.dll
Registered in 0.000426 seconds.
Native extension for OSXStandalone target not found
Refreshing native plugins compatible for Editor in 26.14 ms, found 2 plugins.
Preloading 0 native plugins for Editor in 0.00 ms.
Mono: successfully reloaded assembly
- Completed reload, in  0.518 seconds
Domain Reload Profiling:
	ReloadAssembly (518ms)
		BeginReloadAssembly (37ms)
			ExecutionOrderSort (0ms)
			DisableScriptedObjects (0ms)
			BackupInstance (0ms)
			ReleaseScriptingObjects (0ms)
			CreateAndSetChildDomain (1ms)
		EndReloadAssembly (417ms)
			LoadAssemblies (36ms)
			RebuildTransferFunctionScriptingTraits (0ms)
			SetupTypeCache (155ms)
			ReleaseScriptCaches (0ms)
			RebuildScriptCaches (33ms)
			SetupLoadedEditorAssemblies (155ms)
				LogAssemblyErrors (0ms)
				InitializePlatformSupportModulesInManaged (4ms)
				SetLoadedEditorAssemblies (0ms)
				RefreshPlugins (26ms)
				BeforeProcessingInitializeOnLoad (7ms)
				ProcessInitializeOnLoadAttributes (91ms)
				ProcessInitializeOnLoadMethodAttributes (26ms)
				AfterProcessingInitializeOnLoad (0ms)
				EditorAssembliesLoaded (0ms)
			ExecutionOrderSort2 (0ms)
			AwakeInstancesAfterBackupRestoration (0ms)
Platform modules already initialized, skipping
Registering precompiled user dll's ...
Registered in 0.001537 seconds.
Begin MonoManager ReloadAssembly
Native extension for OSXStandalone target not found
Refreshing native plugins compatible for Editor in 0.30 ms, found 2 plugins.
Preloading 0 native plugins for Editor in 0.00 ms.
Mono: successfully reloaded assembly
- Completed reload, in  0.928 seconds
Domain Reload Profiling:
	ReloadAssembly (929ms)
		BeginReloadAssembly (133ms)
			ExecutionOrderSort (0ms)
			DisableScriptedObjects (4ms)
			BackupInstance (0ms)
			ReleaseScriptingObjects (0ms)
			CreateAndSetChildDomain (25ms)
		EndReloadAssembly (741ms)
			LoadAssemblies (61ms)
			RebuildTransferFunctionScriptingTraits (0ms)
			SetupTypeCache (288ms)
			ReleaseScriptCaches (0ms)
			RebuildScriptCaches (46ms)
			SetupLoadedEditorAssemblies (249ms)
				LogAssemblyErrors (0ms)
				InitializePlatformSupportModulesInManaged (4ms)
				SetLoadedEditorAssemblies (0ms)
				RefreshPlugins (0ms)
				BeforeProcessingInitializeOnLoad (42ms)
				ProcessInitializeOnLoadAttributes (189ms)
				ProcessInitializeOnLoadMethodAttributes (13ms)
				AfterProcessingInitializeOnLoad (1ms)
				EditorAssembliesLoaded (0ms)
			ExecutionOrderSort2 (0ms)
			AwakeInstancesAfterBackupRestoration (6ms)
Platform modules already initialized, skipping
Validating Project structure ... 0.002384 seconds.
Shader import version has changed; will reimport all shaders...
Upgrading shader files ...0.002632 seconds.
Application.AssetDatabase Initial Script Refresh Start
RefreshInfo: InitialScriptRefreshV2(NoUpdateAssetOptions) scanfilter:  ... 1 filters
RefreshProfiler: Total: 0.000ms
Application.AssetDatabase Initial Script Refresh End
Application.AssetDatabase.Refresh Start
Application.AssetDatabase.Refresh End
RefreshInfo: StopAssetImportingV2(ForceSynchronousImport) scanfilter: 
RefreshProfiler: Total: 0.000ms
Launching external process: /Applications/2020.3.27f1/Unity.app/Contents/Tools/UnityShaderCompiler
Launched and connected shader compiler UnityShaderCompiler after 0.01 seconds
Initializing Unity extensions:
========================================================================
Worker process is ready to serve import requests
Refreshing native plugins compatible for Editor in 0.29 ms, found 2 plugins.
Preloading 0 native plugins for Editor in 0.00 ms.
Unloading 1591 Unused Serialized files (Serialized files now loaded: 0)
System memory in use before: 181.2 MB.
System memory in use after: 180.4 MB.

Unloading 89 unused Assets to reduce memory usage. Loaded Objects now: 2066.
Total: 2.877624 ms (FindLiveObjects: 0.141454 ms CreateObjectMapping: 0.059522 ms MarkObjects: 2.251614 ms  DeleteObjects: 0.424215 ms)

AssetImportParameters requested are different than current active one (requested -> active):
  custom:video-decoder-ogg-theora: a1e56fd34408186e4bbccfd4996cb3dc -> 
  custom:container-muxer-webm: aa71ff27fc2769a1b78a27578f13a17b -> 
  custom:container-demuxer-webm: 4f35f7cbe854078d1ac9338744f61a02 -> 
  custom:container-demuxer-ogg: 62fdf1f143b41e24485cea50d1cbac27 -> 
  custom:video-encoder-webm-vp8: eb34c28f22e8b96e1ab97ce403110664 -> 
  custom:framework-osx-AVFoundation: e770b220cccbd017edd2c1fefb359320 -> 
  custom:video-decoder-webm-vp8: 9c59270c3fd7afecdb556c50c9e8de78 -> 
  custom:audio-decoder-ogg-vorbis: bf7c407c2cedff20999df2af8eb42d56 -> 
  custom:audio-encoder-webm-vorbis: bf7c407c2cedff20999df2af8eb42d56 -> 
========================================================================
Received Import Request.
  path: Assets/Art/Sprites/Environmnent/Damageable.png
  artifactKey: Guid(0e15259342e82ee4f813807e5b28c0f3) Importer(815301076,1909f56bfc062723c751e8b465ee728b)
Start importing Assets/Art/Sprites/Environmnent/Damageable.png using Guid(0e15259342e82ee4f813807e5b28c0f3) Importer(815301076,1909f56bfc062723c751e8b465ee728b)  -> (artifact id: '2b803c7774a56d46272a1fa5776f8ea2') in 0.766359 seconds 
  Import took 0.770303 seconds .

========================================================================
Received Import Request.
  Time since last request: 28.170170 seconds.
  path: Assets/PreFab/Ruby.prefab
  artifactKey: Guid(4368b1e162d8f4d888fd16d477b40e5c) Importer(815301076,1909f56bfc062723c751e8b465ee728b)
Start importing Assets/PreFab/Ruby.prefab using Guid(4368b1e162d8f4d888fd16d477b40e5c) Importer(815301076,1909f56bfc062723c751e8b465ee728b)  -> (artifact id: '8fd47d118dc213ebe28788f697f27d22') in 0.784515 seconds 
  Import took 0.787995 seconds .

========================================================================
Received Import Request.
  Time since last request: 1.192183 seconds.
  path: Assets/PreFab/Damageable 1.prefab
  artifactKey: Guid(ea2fa94f7302e418fb6c4047cc43f4d6) Importer(815301076,1909f56bfc062723c751e8b465ee728b)
Start importing Assets/PreFab/Damageable 1.prefab using Guid(ea2fa94f7302e418fb6c4047cc43f4d6) Importer(815301076,1909f56bfc062723c751e8b465ee728b)  -> (artifact id: 'a42793408235762ef46d445b4c4418a5') in 0.008659 seconds 
  Import took 0.011025 seconds .

========================================================================
Received Import Request.
  Time since last request: 99.609435 seconds.
  path: Assets/Art/Sprites/Robot.png
  artifactKey: Guid(2830c598c37684d9c8c66a2e99fdf683) Importer(815301076,1909f56bfc062723c751e8b465ee728b)
Start importing Assets/Art/Sprites/Robot.png using Guid(2830c598c37684d9c8c66a2e99fdf683) Importer(815301076,1909f56bfc062723c751e8b465ee728b)  -> (artifact id: 'd225cfacc0e57ccc39945ce795f84d6b') in 0.008641 seconds 
  Import took 0.010809 seconds .

========================================================================
Received Import Request.
  Time since last request: 17.237776 seconds.
  path: Assets/Art/Sprites/Robot.png
  artifactKey: Guid(2830c598c37684d9c8c66a2e99fdf683) Importer(815301076,1909f56bfc062723c751e8b465ee728b)
Start importing Assets/Art/Sprites/Robot.png using Guid(2830c598c37684d9c8c66a2e99fdf683) Importer(815301076,1909f56bfc062723c751e8b465ee728b)  -> (artifact id: '61ca729ce047b21b8fe658d2c3d4a149') in 0.011416 seconds 
  Import took 0.013704 seconds .

========================================================================
Received Import Request.
  Time since last request: 13.502675 seconds.
  path: Assets/Art/Sprites/Robot.png
  artifactKey: Guid(2830c598c37684d9c8c66a2e99fdf683) Importer(815301076,1909f56bfc062723c751e8b465ee728b)
Start importing Assets/Art/Sprites/Robot.png using Guid(2830c598c37684d9c8c66a2e99fdf683) Importer(815301076,1909f56bfc062723c751e8b465ee728b)  -> (artifact id: '5b18cd70196f47fe86faec318e769873') in 0.011324 seconds 
  Import took 0.013509 seconds .

========================================================================
Received Import Request.
  Time since last request: 10.356596 seconds.
  path: Assets/Art/Sprites/Robot.png
  artifactKey: Guid(2830c598c37684d9c8c66a2e99fdf683) Importer(815301076,1909f56bfc062723c751e8b465ee728b)
Start importing Assets/Art/Sprites/Robot.png using Guid(2830c598c37684d9c8c66a2e99fdf683) Importer(815301076,1909f56bfc062723c751e8b465ee728b)  -> (artifact id: '1d2243c0ee276342ce693d6083b01a64') in 0.011258 seconds 
  Import took 0.013415 seconds .

========================================================================
Received Import Request.
  Time since last request: 47.233500 seconds.
  path: Assets/Art/Sprites/Robot.png
  artifactKey: Guid(2830c598c37684d9c8c66a2e99fdf683) Importer(815301076,1909f56bfc062723c751e8b465ee728b)
Start importing Assets/Art/Sprites/Robot.png using Guid(2830c598c37684d9c8c66a2e99fdf683) Importer(815301076,1909f56bfc062723c751e8b465ee728b)  -> (artifact id: '39cefb03789ad5e7997d1dd095019631') in 0.012688 seconds 
  Import took 0.015117 seconds .

========================================================================
Received Import Request.
  Time since last request: 15.927458 seconds.
  path: Assets/PreFab/Robot.prefab
  artifactKey: Guid(6a93c32db72df4519b8e1da205af7a36) Importer(815301076,1909f56bfc062723c751e8b465ee728b)
Start importing Assets/PreFab/Robot.prefab using Guid(6a93c32db72df4519b8e1da205af7a36) Importer(815301076,1909f56bfc062723c751e8b465ee728b)  -> (artifact id: '56fc2a81f04e24db1ea4ce2502096b18') in 0.008375 seconds 
  Import took 0.010643 seconds .

========================================================================
Received Import Request.
  Time since last request: 35.607278 seconds.
  path: Assets/Scripts/EnemyController.cs
  artifactKey: Guid(feb94f964a750464694b821908d67a20) Importer(815301076,1909f56bfc062723c751e8b465ee728b)
Start importing Assets/Scripts/EnemyController.cs using Guid(feb94f964a750464694b821908d67a20) Importer(815301076,1909f56bfc062723c751e8b465ee728b)  -> (artifact id: '5d78e6eab359ba1c163f8fd8ce1c0bbd') in 0.245269 seconds 
  Import took 0.249101 seconds .

========================================================================
Received Prepare
Registering precompiled user dll's ...
Registered in 0.001409 seconds.
Begin MonoManager ReloadAssembly
Native extension for OSXStandalone target not found
Refreshing native plugins compatible for Editor in 0.30 ms, found 2 plugins.
Preloading 0 native plugins for Editor in 0.00 ms.
Mono: successfully reloaded assembly
- Completed reload, in  0.920 seconds
Domain Reload Profiling:
	ReloadAssembly (920ms)
		BeginReloadAssembly (97ms)
			ExecutionOrderSort (0ms)
			DisableScriptedObjects (5ms)
			BackupInstance (0ms)
			ReleaseScriptingObjects (0ms)
			CreateAndSetChildDomain (45ms)
		EndReloadAssembly (769ms)
			LoadAssemblies (58ms)
			RebuildTransferFunctionScriptingTraits (0ms)
			SetupTypeCache (291ms)
			ReleaseScriptCaches (1ms)
			RebuildScriptCaches (47ms)
			SetupLoadedEditorAssemblies (267ms)
				LogAssemblyErrors (0ms)
				InitializePlatformSupportModulesInManaged (4ms)
				SetLoadedEditorAssemblies (0ms)
				RefreshPlugins (0ms)
				BeforeProcessingInitializeOnLoad (75ms)
				ProcessInitializeOnLoadAttributes (177ms)
				ProcessInitializeOnLoadMethodAttributes (10ms)
				AfterProcessingInitializeOnLoad (1ms)
				EditorAssembliesLoaded (0ms)
			ExecutionOrderSort2 (0ms)
			AwakeInstancesAfterBackupRestoration (6ms)
Platform modules already initialized, skipping
Refreshing native plugins compatible for Editor in 0.27 ms, found 2 plugins.
Preloading 0 native plugins for Editor in 0.00 ms.
Unloading 1585 Unused Serialized files (Serialized files now loaded: 0)
System memory in use before: 194.1 MB.
System memory in use after: 194.2 MB.

Unloading 15 unused Assets to reduce memory usage. Loaded Objects now: 2078.
Total: 2.051712 ms (FindLiveObjects: 0.095944 ms CreateObjectMapping: 0.034737 ms MarkObjects: 1.906896 ms  DeleteObjects: 0.013547 ms)

AssetImportParameters requested are different than current active one (requested -> active):
  custom:video-decoder-ogg-theora: a1e56fd34408186e4bbccfd4996cb3dc -> 
  custom:container-muxer-webm: aa71ff27fc2769a1b78a27578f13a17b -> 
  custom:container-demuxer-webm: 4f35f7cbe854078d1ac9338744f61a02 -> 
  custom:container-demuxer-ogg: 62fdf1f143b41e24485cea50d1cbac27 -> 
  custom:video-encoder-webm-vp8: eb34c28f22e8b96e1ab97ce403110664 -> 
  custom:framework-osx-AVFoundation: e770b220cccbd017edd2c1fefb359320 -> 
  custom:video-decoder-webm-vp8: 9c59270c3fd7afecdb556c50c9e8de78 -> 
  custom:audio-decoder-ogg-vorbis: bf7c407c2cedff20999df2af8eb42d56 -> 
  custom:audio-encoder-webm-vorbis: bf7c407c2cedff20999df2af8eb42d56 -> 
========================================================================
Received Prepare
Registering precompiled user dll's ...
Registered in 0.001477 seconds.
Begin MonoManager ReloadAssembly
Native extension for OSXStandalone target not found
Refreshing native plugins compatible for Editor in 0.30 ms, found 2 plugins.
Preloading 0 native plugins for Editor in 0.00 ms.
Mono: successfully reloaded assembly
- Completed reload, in  0.891 seconds
Domain Reload Profiling:
	ReloadAssembly (891ms)
		BeginReloadAssembly (93ms)
			ExecutionOrderSort (0ms)
			DisableScriptedObjects (5ms)
			BackupInstance (0ms)
			ReleaseScriptingObjects (0ms)
			CreateAndSetChildDomain (43ms)
		EndReloadAssembly (744ms)
			LoadAssemblies (58ms)
			RebuildTransferFunctionScriptingTraits (0ms)
			SetupTypeCache (279ms)
			ReleaseScriptCaches (1ms)
			RebuildScriptCaches (41ms)
			SetupLoadedEditorAssemblies (260ms)
				LogAssemblyErrors (0ms)
				InitializePlatformSupportModulesInManaged (4ms)
				SetLoadedEditorAssemblies (0ms)
				RefreshPlugins (0ms)
				BeforeProcessingInitializeOnLoad (75ms)
				ProcessInitializeOnLoadAttributes (170ms)
				ProcessInitializeOnLoadMethodAttributes (10ms)
				AfterProcessingInitializeOnLoad (1ms)
				EditorAssembliesLoaded (0ms)
			ExecutionOrderSort2 (0ms)
			AwakeInstancesAfterBackupRestoration (7ms)
Platform modules already initialized, skipping
Refreshing native plugins compatible for Editor in 0.28 ms, found 2 plugins.
Preloading 0 native plugins for Editor in 0.00 ms.
Unloading 1585 Unused Serialized files (Serialized files now loaded: 0)
System memory in use before: 194.4 MB.
System memory in use after: 194.5 MB.

Unloading 14 unused Assets to reduce memory usage. Loaded Objects now: 2080.
Total: 2.043851 ms (FindLiveObjects: 0.104514 ms CreateObjectMapping: 0.041666 ms MarkObjects: 1.886769 ms  DeleteObjects: 0.010293 ms)

AssetImportParameters requested are different than current active one (requested -> active):
  custom:video-decoder-ogg-theora: a1e56fd34408186e4bbccfd4996cb3dc -> 
  custom:container-muxer-webm: aa71ff27fc2769a1b78a27578f13a17b -> 
  custom:container-demuxer-webm: 4f35f7cbe854078d1ac9338744f61a02 -> 
  custom:container-demuxer-ogg: 62fdf1f143b41e24485cea50d1cbac27 -> 
  custom:video-encoder-webm-vp8: eb34c28f22e8b96e1ab97ce403110664 -> 
  custom:framework-osx-AVFoundation: e770b220cccbd017edd2c1fefb359320 -> 
  custom:video-decoder-webm-vp8: 9c59270c3fd7afecdb556c50c9e8de78 -> 
  custom:audio-decoder-ogg-vorbis: bf7c407c2cedff20999df2af8eb42d56 -> 
  custom:audio-encoder-webm-vorbis: bf7c407c2cedff20999df2af8eb42d56 -> 
========================================================================
Received Import Request.
  Time since last request: 696.495153 seconds.
  path: Assets/PreFab/Robot.prefab
  artifactKey: Guid(6a93c32db72df4519b8e1da205af7a36) Importer(815301076,1909f56bfc062723c751e8b465ee728b)
Start importing Assets/PreFab/Robot.prefab using Guid(6a93c32db72df4519b8e1da205af7a36) Importer(815301076,1909f56bfc062723c751e8b465ee728b)  -> (artifact id: 'cfd743a7be8ee61e0512d22c1ebbc58a') in 0.042137 seconds 
  Import took 0.044499 seconds .

========================================================================
Received Prepare
Registering precompiled user dll's ...
Registered in 0.001438 seconds.
Begin MonoManager ReloadAssembly
Native extension for OSXStandalone target not found
Refreshing native plugins compatible for Editor in 0.30 ms, found 2 plugins.
Preloading 0 native plugins for Editor in 0.00 ms.
Mono: successfully reloaded assembly
- Completed reload, in  0.892 seconds
Domain Reload Profiling:
	ReloadAssembly (893ms)
		BeginReloadAssembly (96ms)
			ExecutionOrderSort (0ms)
			DisableScriptedObjects (5ms)
			BackupInstance (0ms)
			ReleaseScriptingObjects (0ms)
			CreateAndSetChildDomain (46ms)
		EndReloadAssembly (742ms)
			LoadAssemblies (57ms)
			RebuildTransferFunctionScriptingTraits (0ms)
			SetupTypeCache (277ms)
			ReleaseScriptCaches (1ms)
			RebuildScriptCaches (43ms)
			SetupLoadedEditorAssemblies (262ms)
				LogAssemblyErrors (0ms)
				InitializePlatformSupportModulesInManaged (3ms)
				SetLoadedEditorAssemblies (0ms)
				RefreshPlugins (0ms)
				BeforeProcessingInitializeOnLoad (75ms)
				ProcessInitializeOnLoadAttributes (172ms)
				ProcessInitializeOnLoadMethodAttributes (10ms)
				AfterProcessingInitializeOnLoad (1ms)
				EditorAssembliesLoaded (0ms)
			ExecutionOrderSort2 (0ms)
			AwakeInstancesAfterBackupRestoration (6ms)
Platform modules already initialized, skipping
Refreshing native plugins compatible for Editor in 0.26 ms, found 2 plugins.
Preloading 0 native plugins for Editor in 0.00 ms.
Unloading 1585 Unused Serialized files (Serialized files now loaded: 0)
System memory in use before: 194.6 MB.
System memory in use after: 194.7 MB.

Unloading 14 unused Assets to reduce memory usage. Loaded Objects now: 2083.
Total: 2.096070 ms (FindLiveObjects: 0.105776 ms CreateObjectMapping: 0.044854 ms MarkObjects: 1.933866 ms  DeleteObjects: 0.011016 ms)

AssetImportParameters requested are different than current active one (requested -> active):
  custom:video-decoder-ogg-theora: a1e56fd34408186e4bbccfd4996cb3dc -> 
  custom:container-muxer-webm: aa71ff27fc2769a1b78a27578f13a17b -> 
  custom:container-demuxer-webm: 4f35f7cbe854078d1ac9338744f61a02 -> 
  custom:container-demuxer-ogg: 62fdf1f143b41e24485cea50d1cbac27 -> 
  custom:video-encoder-webm-vp8: eb34c28f22e8b96e1ab97ce403110664 -> 
  custom:framework-osx-AVFoundation: e770b220cccbd017edd2c1fefb359320 -> 
  custom:video-decoder-webm-vp8: 9c59270c3fd7afecdb556c50c9e8de78 -> 
  custom:audio-decoder-ogg-vorbis: bf7c407c2cedff20999df2af8eb42d56 -> 
  custom:audio-encoder-webm-vorbis: bf7c407c2cedff20999df2af8eb42d56 -> 
========================================================================
Received Prepare
Registering precompiled user dll's ...
Registered in 0.001573 seconds.
Begin MonoManager ReloadAssembly
Native extension for OSXStandalone target not found
Refreshing native plugins compatible for Editor in 0.30 ms, found 2 plugins.
Preloading 0 native plugins for Editor in 0.00 ms.
Mono: successfully reloaded assembly
- Completed reload, in  0.962 seconds
Domain Reload Profiling:
	ReloadAssembly (962ms)
		BeginReloadAssembly (101ms)
			ExecutionOrderSort (0ms)
			DisableScriptedObjects (6ms)
			BackupInstance (0ms)
			ReleaseScriptingObjects (0ms)
			CreateAndSetChildDomain (47ms)
		EndReloadAssembly (806ms)
			LoadAssemblies (60ms)
			RebuildTransferFunctionScriptingTraits (0ms)
			SetupTypeCache (335ms)
			ReleaseScriptCaches (1ms)
			RebuildScriptCaches (42ms)
			SetupLoadedEditorAssemblies (265ms)
				LogAssemblyErrors (0ms)
				InitializePlatformSupportModulesInManaged (4ms)
				SetLoadedEditorAssemblies (0ms)
				RefreshPlugins (0ms)
				BeforeProcessingInitializeOnLoad (76ms)
				ProcessInitializeOnLoadAttributes (173ms)
				ProcessInitializeOnLoadMethodAttributes (10ms)
				AfterProcessingInitializeOnLoad (1ms)
				EditorAssembliesLoaded (0ms)
			ExecutionOrderSort2 (0ms)
			AwakeInstancesAfterBackupRestoration (7ms)
Platform modules already initialized, skipping
Refreshing native plugins compatible for Editor in 0.29 ms, found 2 plugins.
Preloading 0 native plugins for Editor in 0.00 ms.
Unloading 1585 Unused Serialized files (Serialized files now loaded: 0)
System memory in use before: 194.8 MB.
System memory in use after: 194.9 MB.

Unloading 14 unused Assets to reduce memory usage. Loaded Objects now: 2085.
Total: 2.248870 ms (FindLiveObjects: 0.143928 ms CreateObjectMapping: 0.057568 ms MarkObjects: 2.034965 ms  DeleteObjects: 0.011851 ms)

AssetImportParameters requested are different than current active one (requested -> active):
  custom:video-decoder-ogg-theora: a1e56fd34408186e4bbccfd4996cb3dc -> 
  custom:container-muxer-webm: aa71ff27fc2769a1b78a27578f13a17b -> 
  custom:container-demuxer-webm: 4f35f7cbe854078d1ac9338744f61a02 -> 
  custom:container-demuxer-ogg: 62fdf1f143b41e24485cea50d1cbac27 -> 
  custom:video-encoder-webm-vp8: eb34c28f22e8b96e1ab97ce403110664 -> 
  custom:framework-osx-AVFoundation: e770b220cccbd017edd2c1fefb359320 -> 
  custom:video-decoder-webm-vp8: 9c59270c3fd7afecdb556c50c9e8de78 -> 
  custom:audio-decoder-ogg-vorbis: bf7c407c2cedff20999df2af8eb42d56 -> 
  custom:audio-encoder-webm-vorbis: bf7c407c2cedff20999df2af8eb42d56 -> 
========================================================================
Received Import Request.
  Time since last request: 131.357073 seconds.
  path: Assets/Art/Sprites/Tiles/Rectangular Palette.prefab
  artifactKey: Guid(0d84c86c33e4844e99cb5ef6d8f4e2bf) Importer(815301076,1909f56bfc062723c751e8b465ee728b)
Start importing Assets/Art/Sprites/Tiles/Rectangular Palette.prefab using Guid(0d84c86c33e4844e99cb5ef6d8f4e2bf) Importer(815301076,1909f56bfc062723c751e8b465ee728b)  -> (artifact id: '25cb7239a4a4ec78ea24e15d7574280b') in 0.071402 seconds 
  Import took 0.074158 seconds .

========================================================================
Received Import Request.
  Time since last request: 35.469656 seconds.
  path: Assets/PreFab/Robot.prefab
  artifactKey: Guid(6a93c32db72df4519b8e1da205af7a36) Importer(815301076,1909f56bfc062723c751e8b465ee728b)
Start importing Assets/PreFab/Robot.prefab using Guid(6a93c32db72df4519b8e1da205af7a36) Importer(815301076,1909f56bfc062723c751e8b465ee728b)  -> (artifact id: 'f108655564b10c8b8cc8f9cb01ade093') in 0.008129 seconds 
  Import took 0.010392 seconds .

========================================================================
Received Import Request.
  Time since last request: 240.456907 seconds.
  path: Assets/Art/Animations/robot.controller
  artifactKey: Guid(f0c5f210f9b0d4544908a4cc3729e8cc) Importer(815301076,1909f56bfc062723c751e8b465ee728b)
Start importing Assets/Art/Animations/robot.controller using Guid(f0c5f210f9b0d4544908a4cc3729e8cc) Importer(815301076,1909f56bfc062723c751e8b465ee728b)  -> (artifact id: '37786d6a8c6c952ca62511936e4959eb') in 0.225212 seconds 
  Import took 0.228673 seconds .

========================================================================
Received Import Request.
  Time since last request: 299.366455 seconds.
  path: Assets/PreFab/Robot.prefab
  artifactKey: Guid(6a93c32db72df4519b8e1da205af7a36) Importer(815301076,1909f56bfc062723c751e8b465ee728b)
Start importing Assets/PreFab/Robot.prefab using Guid(6a93c32db72df4519b8e1da205af7a36) Importer(815301076,1909f56bfc062723c751e8b465ee728b) The Animator Controller (robot) you have used is not valid. Animations will not play
UnityEngine.StackTraceUtility:ExtractStackTrace () (at /Users/bokken/buildslave/unity/build/Runtime/Export/Scripting/StackTrace.cs:37)
UnityEditor.EditorUtility:Internal_InstantiateRemoveAllNonAnimationComponentsSingle (UnityEngine.Object,UnityEngine.Vector3,UnityEngine.Quaternion)
UnityEditor.EditorUtility:InstantiateRemoveAllNonAnimationComponents (UnityEngine.Object,UnityEngine.Vector3,UnityEngine.Quaternion) (at /Users/bokken/buildslave/unity/build/Editor/Mono/EditorUtility.cs:648)
UnityEditor.EditorUtility:InstantiateForAnimatorPreview (UnityEngine.Object) (at /Users/bokken/buildslave/unity/build/Editor/Mono/EditorUtility.cs:614)
UnityEditor.GameObjectInspector/PreviewData:UpdateGameObject (UnityEngine.Object) (at /Users/bokken/buildslave/unity/build/Editor/Mono/Inspector/GameObjectInspector.cs:98)
UnityEditor.GameObjectInspector/PreviewData:.ctor (UnityEngine.Object) (at /Users/bokken/buildslave/unity/build/Editor/Mono/Inspector/GameObjectInspector.cs:92)
UnityEditor.GameObjectInspector:GetPreviewData () (at /Users/bokken/buildslave/unity/build/Editor/Mono/Inspector/GameObjectInspector.cs:631)
UnityEditor.GameObjectInspector:RenderStaticPreview (string,UnityEngine.Object[],int,int) (at /Users/bokken/buildslave/unity/build/Editor/Mono/Inspector/GameObjectInspector.cs:841)
UnityEditor.AssetPreviewUpdater:CreatePreviewForAsset (UnityEngine.Object,UnityEngine.Object[],string) (at /Users/bokken/buildslave/unity/build/Editor/Mono/AssetPreviewUpdater.cs:33)

[./Modules/Animation/Director/AnimatorControllerPlayable.cpp line 333]

The Animator Controller (robot) you have used is not valid. Animations will not play
UnityEngine.StackTraceUtility:ExtractStackTrace () (at /Users/bokken/buildslave/unity/build/Runtime/Export/Scripting/StackTrace.cs:37)
UnityEditor.EditorUtility:InitInstantiatedPreviewRecursive (UnityEngine.GameObject) (at /Users/bokken/buildslave/unity/build/Editor/Mono/EditorUtility.cs:602)
UnityEditor.EditorUtility:InstantiateForAnimatorPreview (UnityEngine.Object) (at /Users/bokken/buildslave/unity/build/Editor/Mono/EditorUtility.cs:617)
UnityEditor.GameObjectInspector/PreviewData:UpdateGameObject (UnityEngine.Object) (at /Users/bokken/buildslave/unity/build/Editor/Mono/Inspector/GameObjectInspector.cs:98)
UnityEditor.GameObjectInspector/PreviewData:.ctor (UnityEngine.Object) (at /Users/bokken/buildslave/unity/build/Editor/Mono/Inspector/GameObjectInspector.cs:92)
UnityEditor.GameObjectInspector:GetPreviewData () (at /Users/bokken/buildslave/unity/build/Editor/Mono/Inspector/GameObjectInspector.cs:631)
UnityEditor.GameObjectInspector:RenderStaticPreview (string,UnityEngine.Object[],int,int) (at /Users/bokken/buildslave/unity/build/Editor/Mono/Inspector/GameObjectInspector.cs:841)
UnityEditor.AssetPreviewUpdater:CreatePreviewForAsset (UnityEngine.Object,UnityEngine.Object[],string) (at /Users/bokken/buildslave/unity/build/Editor/Mono/AssetPreviewUpdater.cs:33)

[./Modules/Animation/Director/AnimatorControllerPlayable.cpp line 333]

 -> (artifact id: 'e20d29fe002ff6a5b9550e27d5eb6915') in 0.009825 seconds 
  Import took 0.012242 seconds .

========================================================================
Received Import Request.
  Time since last request: 548.622336 seconds.
  path: Assets/Scripts/EnemyController.cs
  artifactKey: Guid(feb94f964a750464694b821908d67a20) Importer(815301076,1909f56bfc062723c751e8b465ee728b)
Start importing Assets/Scripts/EnemyController.cs using Guid(feb94f964a750464694b821908d67a20) Importer(815301076,1909f56bfc062723c751e8b465ee728b)  -> (artifact id: '7f2778ef2ec9cf05b286b4ddff055495') in 0.002532 seconds 
  Import took 0.004588 seconds .

========================================================================
Received Prepare
Registering precompiled user dll's ...
Registered in 0.001439 seconds.
Begin MonoManager ReloadAssembly
Native extension for OSXStandalone target not found
Refreshing native plugins compatible for Editor in 0.30 ms, found 2 plugins.
Preloading 0 native plugins for Editor in 0.00 ms.
Mono: successfully reloaded assembly
- Completed reload, in  0.890 seconds
Domain Reload Profiling:
	ReloadAssembly (891ms)
		BeginReloadAssembly (96ms)
			ExecutionOrderSort (0ms)
			DisableScriptedObjects (5ms)
			BackupInstance (0ms)
			ReleaseScriptingObjects (0ms)
			CreateAndSetChildDomain (45ms)
		EndReloadAssembly (741ms)
			LoadAssemblies (58ms)
			RebuildTransferFunctionScriptingTraits (0ms)
			SetupTypeCache (277ms)
			ReleaseScriptCaches (1ms)
			RebuildScriptCaches (40ms)
			SetupLoadedEditorAssemblies (263ms)
				LogAssemblyErrors (0ms)
				InitializePlatformSupportModulesInManaged (4ms)
				SetLoadedEditorAssemblies (0ms)
				RefreshPlugins (0ms)
				BeforeProcessingInitializeOnLoad (75ms)
				ProcessInitializeOnLoadAttributes (173ms)
				ProcessInitializeOnLoadMethodAttributes (10ms)
				AfterProcessingInitializeOnLoad (1ms)
				EditorAssembliesLoaded (0ms)
			ExecutionOrderSort2 (0ms)
			AwakeInstancesAfterBackupRestoration (6ms)
Platform modules already initialized, skipping
Refreshing native plugins compatible for Editor in 0.28 ms, found 2 plugins.
Preloading 0 native plugins for Editor in 0.00 ms.
Unloading 1585 Unused Serialized files (Serialized files now loaded: 0)
System memory in use before: 199.3 MB.
System memory in use after: 199.4 MB.

Unloading 14 unused Assets to reduce memory usage. Loaded Objects now: 2088.
Total: 2.020895 ms (FindLiveObjects: 0.098407 ms CreateObjectMapping: 0.036582 ms MarkObjects: 1.875631 ms  DeleteObjects: 0.009699 ms)

AssetImportParameters requested are different than current active one (requested -> active):
  custom:video-decoder-ogg-theora: a1e56fd34408186e4bbccfd4996cb3dc -> 
  custom:container-muxer-webm: aa71ff27fc2769a1b78a27578f13a17b -> 
  custom:container-demuxer-webm: 4f35f7cbe854078d1ac9338744f61a02 -> 
  custom:container-demuxer-ogg: 62fdf1f143b41e24485cea50d1cbac27 -> 
  custom:video-encoder-webm-vp8: eb34c28f22e8b96e1ab97ce403110664 -> 
  custom:framework-osx-AVFoundation: e770b220cccbd017edd2c1fefb359320 -> 
  custom:video-decoder-webm-vp8: 9c59270c3fd7afecdb556c50c9e8de78 -> 
  custom:audio-decoder-ogg-vorbis: bf7c407c2cedff20999df2af8eb42d56 -> 
  custom:audio-encoder-webm-vorbis: bf7c407c2cedff20999df2af8eb42d56 -> 
========================================================================
Received Prepare
Registering precompiled user dll's ...
Registered in 0.001615 seconds.
Begin MonoManager ReloadAssembly
Native extension for OSXStandalone target not found
Refreshing native plugins compatible for Editor in 0.30 ms, found 2 plugins.
Preloading 0 native plugins for Editor in 0.00 ms.
Mono: successfully reloaded assembly
- Completed reload, in  0.890 seconds
Domain Reload Profiling:
	ReloadAssembly (890ms)
		BeginReloadAssembly (98ms)
			ExecutionOrderSort (0ms)
			DisableScriptedObjects (5ms)
			BackupInstance (0ms)
			ReleaseScriptingObjects (0ms)
			CreateAndSetChildDomain (46ms)
		EndReloadAssembly (738ms)
			LoadAssemblies (58ms)
			RebuildTransferFunctionScriptingTraits (0ms)
			SetupTypeCache (274ms)
			ReleaseScriptCaches (1ms)
			RebuildScriptCaches (40ms)
			SetupLoadedEditorAssemblies (261ms)
				LogAssemblyErrors (0ms)
				InitializePlatformSupportModulesInManaged (4ms)
				SetLoadedEditorAssemblies (0ms)
				RefreshPlugins (0ms)
				BeforeProcessingInitializeOnLoad (75ms)
				ProcessInitializeOnLoadAttributes (171ms)
				ProcessInitializeOnLoadMethodAttributes (10ms)
				AfterProcessingInitializeOnLoad (1ms)
				EditorAssembliesLoaded (0ms)
			ExecutionOrderSort2 (0ms)
			AwakeInstancesAfterBackupRestoration (7ms)
Platform modules already initialized, skipping
Refreshing native plugins compatible for Editor in 0.28 ms, found 2 plugins.
Preloading 0 native plugins for Editor in 0.00 ms.
Unloading 1585 Unused Serialized files (Serialized files now loaded: 0)
System memory in use before: 199.5 MB.
System memory in use after: 199.6 MB.

Unloading 14 unused Assets to reduce memory usage. Loaded Objects now: 2090.
Total: 2.034621 ms (FindLiveObjects: 0.102052 ms CreateObjectMapping: 0.039412 ms MarkObjects: 1.881977 ms  DeleteObjects: 0.010400 ms)

AssetImportParameters requested are different than current active one (requested -> active):
  custom:video-decoder-ogg-theora: a1e56fd34408186e4bbccfd4996cb3dc -> 
  custom:container-muxer-webm: aa71ff27fc2769a1b78a27578f13a17b -> 
  custom:container-demuxer-webm: 4f35f7cbe854078d1ac9338744f61a02 -> 
  custom:container-demuxer-ogg: 62fdf1f143b41e24485cea50d1cbac27 -> 
  custom:video-encoder-webm-vp8: eb34c28f22e8b96e1ab97ce403110664 -> 
  custom:framework-osx-AVFoundation: e770b220cccbd017edd2c1fefb359320 -> 
  custom:video-decoder-webm-vp8: 9c59270c3fd7afecdb556c50c9e8de78 -> 
  custom:audio-decoder-ogg-vorbis: bf7c407c2cedff20999df2af8eb42d56 -> 
  custom:audio-encoder-webm-vorbis: bf7c407c2cedff20999df2af8eb42d56 -> 
========================================================================
Received Import Request.
  Time since last request: 302.849129 seconds.
  path: Assets/PreFab/Robot.prefab
  artifactKey: Guid(6a93c32db72df4519b8e1da205af7a36) Importer(815301076,1909f56bfc062723c751e8b465ee728b)
Start importing Assets/PreFab/Robot.prefab using Guid(6a93c32db72df4519b8e1da205af7a36) Importer(815301076,1909f56bfc062723c751e8b465ee728b) The Animator Controller (robot) you have used is not valid. Animations will not play
UnityEngine.StackTraceUtility:ExtractStackTrace () (at /Users/bokken/buildslave/unity/build/Runtime/Export/Scripting/StackTrace.cs:37)
UnityEditor.EditorUtility:Internal_InstantiateRemoveAllNonAnimationComponentsSingle (UnityEngine.Object,UnityEngine.Vector3,UnityEngine.Quaternion)
UnityEditor.EditorUtility:InstantiateRemoveAllNonAnimationComponents (UnityEngine.Object,UnityEngine.Vector3,UnityEngine.Quaternion) (at /Users/bokken/buildslave/unity/build/Editor/Mono/EditorUtility.cs:648)
UnityEditor.EditorUtility:InstantiateForAnimatorPreview (UnityEngine.Object) (at /Users/bokken/buildslave/unity/build/Editor/Mono/EditorUtility.cs:614)
UnityEditor.GameObjectInspector/PreviewData:UpdateGameObject (UnityEngine.Object) (at /Users/bokken/buildslave/unity/build/Editor/Mono/Inspector/GameObjectInspector.cs:98)
UnityEditor.GameObjectInspector/PreviewData:.ctor (UnityEngine.Object) (at /Users/bokken/buildslave/unity/build/Editor/Mono/Inspector/GameObjectInspector.cs:92)
UnityEditor.GameObjectInspector:GetPreviewData () (at /Users/bokken/buildslave/unity/build/Editor/Mono/Inspector/GameObjectInspector.cs:631)
UnityEditor.GameObjectInspector:RenderStaticPreview (string,UnityEngine.Object[],int,int) (at /Users/bokken/buildslave/unity/build/Editor/Mono/Inspector/GameObjectInspector.cs:841)
UnityEditor.AssetPreviewUpdater:CreatePreviewForAsset (UnityEngine.Object,UnityEngine.Object[],string) (at /Users/bokken/buildslave/unity/build/Editor/Mono/AssetPreviewUpdater.cs:33)

[./Modules/Animation/Director/AnimatorControllerPlayable.cpp line 333]

The Animator Controller (robot) you have used is not valid. Animations will not play
UnityEngine.StackTraceUtility:ExtractStackTrace () (at /Users/bokken/buildslave/unity/build/Runtime/Export/Scripting/StackTrace.cs:37)
UnityEditor.EditorUtility:InitInstantiatedPreviewRecursive (UnityEngine.GameObject) (at /Users/bokken/buildslave/unity/build/Editor/Mono/EditorUtility.cs:602)
UnityEditor.EditorUtility:InstantiateForAnimatorPreview (UnityEngine.Object) (at /Users/bokken/buildslave/unity/build/Editor/Mono/EditorUtility.cs:617)
UnityEditor.GameObjectInspector/PreviewData:UpdateGameObject (UnityEngine.Object) (at /Users/bokken/buildslave/unity/build/Editor/Mono/Inspector/GameObjectInspector.cs:98)
UnityEditor.GameObjectInspector/PreviewData:.ctor (UnityEngine.Object) (at /Users/bokken/buildslave/unity/build/Editor/Mono/Inspector/GameObjectInspector.cs:92)
UnityEditor.GameObjectInspector:GetPreviewData () (at /Users/bokken/buildslave/unity/build/Editor/Mono/Inspector/GameObjectInspector.cs:631)
UnityEditor.GameObjectInspector:RenderStaticPreview (string,UnityEngine.Object[],int,int) (at /Users/bokken/buildslave/unity/build/Editor/Mono/Inspector/GameObjectInspector.cs:841)
UnityEditor.AssetPreviewUpdater:CreatePreviewForAsset (UnityEngine.Object,UnityEngine.Object[],string) (at /Users/bokken/buildslave/unity/build/Editor/Mono/AssetPreviewUpdater.cs:33)

[./Modules/Animation/Director/AnimatorControllerPlayable.cpp line 333]

 -> (artifact id: 'e920bbae3d5e4bc5def725e998d0ac5c') in 0.043647 seconds 
  Import took 0.045784 seconds .

========================================================================
Received Prepare
Registering precompiled user dll's ...
Registered in 0.001505 seconds.
Begin MonoManager ReloadAssembly
Native extension for OSXStandalone target not found
Refreshing native plugins compatible for Editor in 0.30 ms, found 2 plugins.
Preloading 0 native plugins for Editor in 0.00 ms.
Mono: successfully reloaded assembly
- Completed reload, in  0.886 seconds
Domain Reload Profiling:
	ReloadAssembly (886ms)
		BeginReloadAssembly (98ms)
			ExecutionOrderSort (0ms)
			DisableScriptedObjects (5ms)
			BackupInstance (0ms)
			ReleaseScriptingObjects (0ms)
			CreateAndSetChildDomain (46ms)
		EndReloadAssembly (734ms)
			LoadAssemblies (57ms)
			RebuildTransferFunctionScriptingTraits (0ms)
			SetupTypeCache (274ms)
			ReleaseScriptCaches (1ms)
			RebuildScriptCaches (40ms)
			SetupLoadedEditorAssemblies (261ms)
				LogAssemblyErrors (0ms)
				InitializePlatformSupportModulesInManaged (3ms)
				SetLoadedEditorAssemblies (0ms)
				RefreshPlugins (0ms)
				BeforeProcessingInitializeOnLoad (74ms)
				ProcessInitializeOnLoadAttributes (172ms)
				ProcessInitializeOnLoadMethodAttributes (10ms)
				AfterProcessingInitializeOnLoad (1ms)
				EditorAssembliesLoaded (0ms)
			ExecutionOrderSort2 (0ms)
			AwakeInstancesAfterBackupRestoration (6ms)
Platform modules already initialized, skipping
Refreshing native plugins compatible for Editor in 0.28 ms, found 2 plugins.
Preloading 0 native plugins for Editor in 0.00 ms.
Unloading 1585 Unused Serialized files (Serialized files now loaded: 0)
System memory in use before: 199.6 MB.
System memory in use after: 199.8 MB.

Unloading 14 unused Assets to reduce memory usage. Loaded Objects now: 2093.
Total: 2.037761 ms (FindLiveObjects: 0.100084 ms CreateObjectMapping: 0.036790 ms MarkObjects: 1.889832 ms  DeleteObjects: 0.010517 ms)

AssetImportParameters requested are different than current active one (requested -> active):
  custom:video-decoder-ogg-theora: a1e56fd34408186e4bbccfd4996cb3dc -> 
  custom:container-muxer-webm: aa71ff27fc2769a1b78a27578f13a17b -> 
  custom:container-demuxer-webm: 4f35f7cbe854078d1ac9338744f61a02 -> 
  custom:container-demuxer-ogg: 62fdf1f143b41e24485cea50d1cbac27 -> 
  custom:video-encoder-webm-vp8: eb34c28f22e8b96e1ab97ce403110664 -> 
  custom:framework-osx-AVFoundation: e770b220cccbd017edd2c1fefb359320 -> 
  custom:video-decoder-webm-vp8: 9c59270c3fd7afecdb556c50c9e8de78 -> 
  custom:audio-decoder-ogg-vorbis: bf7c407c2cedff20999df2af8eb42d56 -> 
  custom:audio-encoder-webm-vorbis: bf7c407c2cedff20999df2af8eb42d56 -> 
========================================================================
Received Import Request.
  Time since last request: 46.811914 seconds.
  path: Assets/PreFab/Ruby.prefab
  artifactKey: Guid(4368b1e162d8f4d888fd16d477b40e5c) Importer(815301076,1909f56bfc062723c751e8b465ee728b)
Start importing Assets/PreFab/Ruby.prefab using Guid(4368b1e162d8f4d888fd16d477b40e5c) Importer(815301076,1909f56bfc062723c751e8b465ee728b)  -> (artifact id: '96e1e3a7f97af1c1166f5aaca6fa7c8d') in 0.043428 seconds 
  Import took 0.045981 seconds .

========================================================================
Received Import Request.
  Time since last request: 5.681431 seconds.
  path: Assets/PreFab/Ruby.prefab
  artifactKey: Guid(4368b1e162d8f4d888fd16d477b40e5c) Importer(815301076,1909f56bfc062723c751e8b465ee728b)
Start importing Assets/PreFab/Ruby.prefab using Guid(4368b1e162d8f4d888fd16d477b40e5c) Importer(815301076,1909f56bfc062723c751e8b465ee728b)  -> (artifact id: 'eb2ad4b220a0a23fdd75b5eb96ecdf7e') in 0.012984 seconds 
  Import took 0.015584 seconds .

========================================================================
Received Import Request.
  Time since last request: 4.428830 seconds.
  path: Assets/Art/Animations/Ruby.controller
  artifactKey: Guid(b77822e0485373d40b5beb92e9a5e728) Importer(815301076,1909f56bfc062723c751e8b465ee728b)
Start importing Assets/Art/Animations/Ruby.controller using Guid(b77822e0485373d40b5beb92e9a5e728) Importer(815301076,1909f56bfc062723c751e8b465ee728b)  -> (artifact id: 'c4fcd81e4a2ae98a8f7cade00f6374c8') in 0.006045 seconds 
  Import took 0.008361 seconds .

========================================================================
Received Import Request.
  Time since last request: 64.718227 seconds.
  path: Assets/Scripts/RubyController.cs
  artifactKey: Guid(8e5f9ee532ee64740addedd8efcde134) Importer(815301076,1909f56bfc062723c751e8b465ee728b)
Start importing Assets/Scripts/RubyController.cs using Guid(8e5f9ee532ee64740addedd8efcde134) Importer(815301076,1909f56bfc062723c751e8b465ee728b)  -> (artifact id: 'ea06895b162c035c7e1d30d09983001d') in 0.002878 seconds 
  Import took 0.004990 seconds .

========================================================================
Received Prepare
Registering precompiled user dll's ...
Registered in 0.001452 seconds.
Begin MonoManager ReloadAssembly
Native extension for OSXStandalone target not found
Refreshing native plugins compatible for Editor in 0.30 ms, found 2 plugins.
Preloading 0 native plugins for Editor in 0.00 ms.
Mono: successfully reloaded assembly
- Completed reload, in  0.884 seconds
Domain Reload Profiling:
	ReloadAssembly (884ms)
		BeginReloadAssembly (95ms)
			ExecutionOrderSort (0ms)
			DisableScriptedObjects (5ms)
			BackupInstance (0ms)
			ReleaseScriptingObjects (0ms)
			CreateAndSetChildDomain (45ms)
		EndReloadAssembly (734ms)
			LoadAssemblies (58ms)
			RebuildTransferFunctionScriptingTraits (0ms)
			SetupTypeCache (277ms)
			ReleaseScriptCaches (1ms)
			RebuildScriptCaches (40ms)
			SetupLoadedEditorAssemblies (258ms)
				LogAssemblyErrors (0ms)
				InitializePlatformSupportModulesInManaged (3ms)
				SetLoadedEditorAssemblies (0ms)
				RefreshPlugins (0ms)
				BeforeProcessingInitializeOnLoad (74ms)
				ProcessInitializeOnLoadAttributes (169ms)
				ProcessInitializeOnLoadMethodAttributes (10ms)
				AfterProcessingInitializeOnLoad (1ms)
				EditorAssembliesLoaded (0ms)
			ExecutionOrderSort2 (0ms)
			AwakeInstancesAfterBackupRestoration (6ms)
Platform modules already initialized, skipping
Refreshing native plugins compatible for Editor in 0.27 ms, found 2 plugins.
Preloading 0 native plugins for Editor in 0.00 ms.
Unloading 1585 Unused Serialized files (Serialized files now loaded: 0)
System memory in use before: 199.8 MB.
System memory in use after: 200.0 MB.

Unloading 14 unused Assets to reduce memory usage. Loaded Objects now: 2096.
Total: 2.059405 ms (FindLiveObjects: 0.103448 ms CreateObjectMapping: 0.038861 ms MarkObjects: 1.905534 ms  DeleteObjects: 0.010963 ms)

AssetImportParameters requested are different than current active one (requested -> active):
  custom:video-decoder-ogg-theora: a1e56fd34408186e4bbccfd4996cb3dc -> 
  custom:container-muxer-webm: aa71ff27fc2769a1b78a27578f13a17b -> 
  custom:container-demuxer-webm: 4f35f7cbe854078d1ac9338744f61a02 -> 
  custom:container-demuxer-ogg: 62fdf1f143b41e24485cea50d1cbac27 -> 
  custom:video-encoder-webm-vp8: eb34c28f22e8b96e1ab97ce403110664 -> 
  custom:framework-osx-AVFoundation: e770b220cccbd017edd2c1fefb359320 -> 
  custom:video-decoder-webm-vp8: 9c59270c3fd7afecdb556c50c9e8de78 -> 
  custom:audio-decoder-ogg-vorbis: bf7c407c2cedff20999df2af8eb42d56 -> 
  custom:audio-encoder-webm-vorbis: bf7c407c2cedff20999df2af8eb42d56 -> 
========================================================================
Received Import Request.
  Time since last request: 212.298542 seconds.
  path: Assets/Scripts/RubyController.cs
  artifactKey: Guid(8e5f9ee532ee64740addedd8efcde134) Importer(815301076,1909f56bfc062723c751e8b465ee728b)
Start importing Assets/Scripts/RubyController.cs using Guid(8e5f9ee532ee64740addedd8efcde134) Importer(815301076,1909f56bfc062723c751e8b465ee728b)  -> (artifact id: '50f5bcf6ec34bd0072faa686b2cf034c') in 0.004488 seconds 
  Import took 0.006788 seconds .

========================================================================
Received Prepare
Registering precompiled user dll's ...
Registered in 0.001571 seconds.
Begin MonoManager ReloadAssembly
Native extension for OSXStandalone target not found
Refreshing native plugins compatible for Editor in 0.29 ms, found 2 plugins.
Preloading 0 native plugins for Editor in 0.00 ms.
Mono: successfully reloaded assembly
- Completed reload, in  0.895 seconds
Domain Reload Profiling:
	ReloadAssembly (895ms)
		BeginReloadAssembly (98ms)
			ExecutionOrderSort (0ms)
			DisableScriptedObjects (5ms)
			BackupInstance (0ms)
			ReleaseScriptingObjects (0ms)
			CreateAndSetChildDomain (47ms)
		EndReloadAssembly (743ms)
			LoadAssemblies (58ms)
			RebuildTransferFunctionScriptingTraits (0ms)
			SetupTypeCache (278ms)
			ReleaseScriptCaches (1ms)
			RebuildScriptCaches (42ms)
			SetupLoadedEditorAssemblies (262ms)
				LogAssemblyErrors (0ms)
				InitializePlatformSupportModulesInManaged (4ms)
				SetLoadedEditorAssemblies (0ms)
				RefreshPlugins (0ms)
				BeforeProcessingInitializeOnLoad (75ms)
				ProcessInitializeOnLoadAttributes (171ms)
				ProcessInitializeOnLoadMethodAttributes (10ms)
				AfterProcessingInitializeOnLoad (1ms)
				EditorAssembliesLoaded (0ms)
			ExecutionOrderSort2 (0ms)
			AwakeInstancesAfterBackupRestoration (6ms)
Platform modules already initialized, skipping
Refreshing native plugins compatible for Editor in 0.27 ms, found 2 plugins.
Preloading 0 native plugins for Editor in 0.00 ms.
Unloading 1585 Unused Serialized files (Serialized files now loaded: 0)
System memory in use before: 200.0 MB.
System memory in use after: 200.1 MB.

Unloading 14 unused Assets to reduce memory usage. Loaded Objects now: 2098.
Total: 2.133950 ms (FindLiveObjects: 0.100565 ms CreateObjectMapping: 0.038895 ms MarkObjects: 1.983480 ms  DeleteObjects: 0.010530 ms)

AssetImportParameters requested are different than current active one (requested -> active):
  custom:video-decoder-ogg-theora: a1e56fd34408186e4bbccfd4996cb3dc -> 
  custom:container-muxer-webm: aa71ff27fc2769a1b78a27578f13a17b -> 
  custom:container-demuxer-webm: 4f35f7cbe854078d1ac9338744f61a02 -> 
  custom:container-demuxer-ogg: 62fdf1f143b41e24485cea50d1cbac27 -> 
  custom:video-encoder-webm-vp8: eb34c28f22e8b96e1ab97ce403110664 -> 
  custom:framework-osx-AVFoundation: e770b220cccbd017edd2c1fefb359320 -> 
  custom:video-decoder-webm-vp8: 9c59270c3fd7afecdb556c50c9e8de78 -> 
  custom:audio-decoder-ogg-vorbis: bf7c407c2cedff20999df2af8eb42d56 -> 
  custom:audio-encoder-webm-vorbis: bf7c407c2cedff20999df2af8eb42d56 -> 
